<?xml version="1.0" encoding="UTF-8"?>
<testsuite name="ru.stqa.pft.addressbook.tests.GroupModificationTests" tests="1" skipped="0" failures="0" errors="0" timestamp="2018-10-16T21:24:34" hostname="DESKTOP-E4LE4TC" time="3.623">
  <properties/>
  <testcase name="testGroupModification" classname="ru.stqa.pft.addressbook.tests.GroupModificationTests" time="3.623"/>
  <system-out><![CDATA[]]></system-out>
  <system-err><![CDATA[1539725074357	Marionette	DEBUG	[4294967297] Received DOM event beforeunload for http://localhost:8080/addressbook/addressbook/group.php
1539725074384	Marionette	DEBUG	[4294967297] Received DOM event pagehide for http://localhost:8080/addressbook/addressbook/group.php
1539725074385	Marionette	DEBUG	[4294967297] Received DOM event unload for http://localhost:8080/addressbook/addressbook/group.php
1539725074395	Marionette	DEBUG	[4294967297] Received DOM event DOMContentLoaded for http://localhost:8080/addressbook/addressbook/group.php
1539725074410	Marionette	DEBUG	[4294967297] Received DOM event pageshow for http://localhost:8080/addressbook/addressbook/group.php
1539725075134	Marionette	DEBUG	[4294967297] Canceled page load listener because no navigation has been detected
1539725075160	Marionette	DEBUG	[4294967297] Received DOM event beforeunload for http://localhost:8080/addressbook/addressbook/group.php
1539725075190	Marionette	DEBUG	[4294967297] Received DOM event pagehide for http://localhost:8080/addressbook/addressbook/group.php
1539725075190	Marionette	DEBUG	[4294967297] Received DOM event unload for http://localhost:8080/addressbook/addressbook/group.php
1539725075201	Marionette	DEBUG	[4294967297] Received DOM event DOMContentLoaded for http://localhost:8080/addressbook/addressbook/group.php
1539725075214	Marionette	DEBUG	[4294967297] Received DOM event pageshow for http://localhost:8080/addressbook/addressbook/group.php
1539725075938	Marionette	DEBUG	[4294967297] Canceled page load listener because no navigation has been detected
1539725076440	Marionette	DEBUG	[4294967297] Canceled page load listener because no navigation has been detected
1539725077204	Marionette	DEBUG	[4294967297] Canceled page load listener because no navigation has been detected
1539725077270	Marionette	DEBUG	[4294967297] Received DOM event beforeunload for http://localhost:8080/addressbook/addressbook/group.php
1539725077303	Marionette	DEBUG	[4294967297] Received DOM event pagehide for http://localhost:8080/addressbook/addressbook/group.php
1539725077304	Marionette	DEBUG	[4294967297] Received DOM event unload for http://localhost:8080/addressbook/addressbook/group.php
1539725077313	Marionette	DEBUG	[4294967297] Received DOM event DOMContentLoaded for http://localhost:8080/addressbook/addressbook/group.php
1539725077324	Marionette	DEBUG	[4294967297] Received DOM event pageshow for http://localhost:8080/addressbook/addressbook/group.php
1539725077379	Marionette	DEBUG	[4294967297] Received DOM event beforeunload for http://localhost:8080/addressbook/addressbook/group.php
1539725077404	Marionette	DEBUG	[4294967297] Received DOM event pagehide for http://localhost:8080/addressbook/addressbook/group.php
1539725077405	Marionette	DEBUG	[4294967297] Received DOM event unload for http://localhost:8080/addressbook/addressbook/group.php
1539725077415	Marionette	DEBUG	[4294967297] Received DOM event DOMContentLoaded for http://localhost:8080/addressbook/addressbook/group.php
1539725077429	Marionette	DEBUG	[4294967297] Received DOM event pageshow for http://localhost:8080/addressbook/addressbook/group.php
]]></system-err>
</testsuite>
