<?xml version="1.0" encoding="UTF-8"?>
<testsuite name="ru.stqa.pft.addressbook.tests.ContactEmailTests" tests="1" skipped="0" failures="0" errors="0" timestamp="2018-10-16T21:03:52" hostname="DESKTOP-E4LE4TC" time="3.012">
  <properties/>
  <testcase name="testContactEmails" classname="ru.stqa.pft.addressbook.tests.ContactEmailTests" time="3.012"/>
  <system-out><![CDATA[]]></system-out>
  <system-err><![CDATA[1539723834748	Marionette	DEBUG	[4294967297] Received DOM event beforeunload for http://localhost:8080/addressbook/addressbook/
1539723834778	Marionette	DEBUG	[4294967297] Received DOM event pagehide for http://localhost:8080/addressbook/addressbook/
1539723834779	Marionette	DEBUG	[4294967297] Received DOM event unload for http://localhost:8080/addressbook/addressbook/
1539723834792	Marionette	DEBUG	[4294967297] Received DOM event DOMContentLoaded for http://localhost:8080/addressbook/addressbook/edit.php?id=237
1539723834824	Marionette	DEBUG	[4294967297] Received DOM event pageshow for http://localhost:8080/addressbook/addressbook/edit.php?id=237
1539723835159	Marionette	DEBUG	[4294967297] Received DOM event beforeunload for http://localhost:8080/addressbook/addressbook/edit.php?id=237
1539723835168	Marionette	DEBUG	[4294967297] Received DOM event pagehide for http://localhost:8080/addressbook/addressbook/edit.php?id=237
1539723835169	Marionette	DEBUG	[4294967297] Received DOM event unload for http://localhost:8080/addressbook/addressbook/edit.php?id=237
1539723835208	Marionette	DEBUG	[4294967297] Received DOM event DOMContentLoaded for http://localhost:8080/addressbook/addressbook/
1539723835216	Marionette	DEBUG	[4294967297] Received DOM event pageshow for http://localhost:8080/addressbook/addressbook/
]]></system-err>
</testsuite>
